[1.307s] Invoking command in '/home/eugene/feb-sn3-llc/comm_ws/build/odometry': PYTHONPATH=/home/eugene/feb-sn3-llc/comm_ws/build/odometry/prefix_override:/home/eugene/feb-sn3-llc/comm_ws/install/odometry/lib/python3.10/site-packages:${PYTHONPATH} /usr/bin/python3 setup.py develop --uninstall --editable --build-directory /home/eugene/feb-sn3-llc/comm_ws/build/odometry/build
[1.512s] running develop
[1.607s] Removing /home/eugene/feb-sn3-llc/comm_ws/install/odometry/lib/python3.10/site-packages/odometry.egg-link (link to .)
[1.627s] Invoked command in '/home/eugene/feb-sn3-llc/comm_ws/build/odometry' returned '0': PYTHONPATH=/home/eugene/feb-sn3-llc/comm_ws/build/odometry/prefix_override:/home/eugene/feb-sn3-llc/comm_ws/install/odometry/lib/python3.10/site-packages:${PYTHONPATH} /usr/bin/python3 setup.py develop --uninstall --editable --build-directory /home/eugene/feb-sn3-llc/comm_ws/build/odometry/build
[1.627s] Invoking command in '/home/eugene/feb-sn3-llc/comm_ws/src/odometry': PYTHONPATH=/home/eugene/feb-sn3-llc/comm_ws/build/odometry/prefix_override:/home/eugene/feb-sn3-llc/comm_ws/install/odometry/lib/python3.10/site-packages:${PYTHONPATH} /usr/bin/python3 setup.py egg_info --egg-base ../../build/odometry build --build-base /home/eugene/feb-sn3-llc/comm_ws/build/odometry/build install --record /home/eugene/feb-sn3-llc/comm_ws/build/odometry/install.log --single-version-externally-managed
[1.766s] running egg_info
[1.766s] writing ../../build/odometry/odometry.egg-info/PKG-INFO
[1.767s] writing dependency_links to ../../build/odometry/odometry.egg-info/dependency_links.txt
[1.768s] writing entry points to ../../build/odometry/odometry.egg-info/entry_points.txt
[1.768s] writing requirements to ../../build/odometry/odometry.egg-info/requires.txt
[1.769s] writing top-level names to ../../build/odometry/odometry.egg-info/top_level.txt
[1.770s] reading manifest file '../../build/odometry/odometry.egg-info/SOURCES.txt'
[1.771s] writing manifest file '../../build/odometry/odometry.egg-info/SOURCES.txt'
[1.771s] running build
[1.772s] running build_py
[1.772s] copying odometry/throttle_control.py -> /home/eugene/feb-sn3-llc/comm_ws/build/odometry/build/lib/odometry
[1.772s] copying odometry/publisher.py -> /home/eugene/feb-sn3-llc/comm_ws/build/odometry/build/lib/odometry
[1.773s] running install
[1.773s] running install_lib
[1.774s] creating /home/eugene/feb-sn3-llc/comm_ws/install/odometry/lib/python3.10/site-packages/odometry
[1.775s] copying /home/eugene/feb-sn3-llc/comm_ws/build/odometry/build/lib/odometry/throttle_control.py -> /home/eugene/feb-sn3-llc/comm_ws/install/odometry/lib/python3.10/site-packages/odometry
[1.775s] copying /home/eugene/feb-sn3-llc/comm_ws/build/odometry/build/lib/odometry/publisher.py -> /home/eugene/feb-sn3-llc/comm_ws/install/odometry/lib/python3.10/site-packages/odometry
[1.776s] copying /home/eugene/feb-sn3-llc/comm_ws/build/odometry/build/lib/odometry/__init__.py -> /home/eugene/feb-sn3-llc/comm_ws/install/odometry/lib/python3.10/site-packages/odometry
[1.776s] byte-compiling /home/eugene/feb-sn3-llc/comm_ws/install/odometry/lib/python3.10/site-packages/odometry/throttle_control.py to throttle_control.cpython-310.pyc
[1.777s] byte-compiling /home/eugene/feb-sn3-llc/comm_ws/install/odometry/lib/python3.10/site-packages/odometry/publisher.py to publisher.cpython-310.pyc
[1.777s] byte-compiling /home/eugene/feb-sn3-llc/comm_ws/install/odometry/lib/python3.10/site-packages/odometry/__init__.py to __init__.cpython-310.pyc
[1.778s] running install_data
[1.778s] running install_egg_info
[1.779s] Copying ../../build/odometry/odometry.egg-info to /home/eugene/feb-sn3-llc/comm_ws/install/odometry/lib/python3.10/site-packages/odometry-0.0.0-py3.10.egg-info
[1.780s] running install_scripts
[1.792s] Installing odometry_node script to /home/eugene/feb-sn3-llc/comm_ws/install/odometry/lib/odometry
[1.793s] Installing throttle_control script to /home/eugene/feb-sn3-llc/comm_ws/install/odometry/lib/odometry
[1.793s] writing list of installed files to '/home/eugene/feb-sn3-llc/comm_ws/build/odometry/install.log'
[1.808s] Invoked command in '/home/eugene/feb-sn3-llc/comm_ws/src/odometry' returned '0': PYTHONPATH=/home/eugene/feb-sn3-llc/comm_ws/build/odometry/prefix_override:/home/eugene/feb-sn3-llc/comm_ws/install/odometry/lib/python3.10/site-packages:${PYTHONPATH} /usr/bin/python3 setup.py egg_info --egg-base ../../build/odometry build --build-base /home/eugene/feb-sn3-llc/comm_ws/build/odometry/build install --record /home/eugene/feb-sn3-llc/comm_ws/build/odometry/install.log --single-version-externally-managed
