[0.771s] Invoking command in '/home/eugene/feb-sn3-llc/comm_ws/build/odometry': PYTHONPATH=/home/eugene/feb-sn3-llc/comm_ws/build/odometry/prefix_override:/home/eugene/feb-sn3-llc/comm_ws/install/odometry/lib/python3.10/site-packages:${PYTHONPATH} /usr/bin/python3 setup.py develop --uninstall --editable --build-directory /home/eugene/feb-sn3-llc/comm_ws/build/odometry/build
[0.968s] running develop
[1.055s] Removing /home/eugene/feb-sn3-llc/comm_ws/install/odometry/lib/python3.10/site-packages/odometry.egg-link (link to .)
[1.072s] Invoked command in '/home/eugene/feb-sn3-llc/comm_ws/build/odometry' returned '0': PYTHONPATH=/home/eugene/feb-sn3-llc/comm_ws/build/odometry/prefix_override:/home/eugene/feb-sn3-llc/comm_ws/install/odometry/lib/python3.10/site-packages:${PYTHONPATH} /usr/bin/python3 setup.py develop --uninstall --editable --build-directory /home/eugene/feb-sn3-llc/comm_ws/build/odometry/build
[1.075s] Invoking command in '/home/eugene/feb-sn3-llc/comm_ws/src/odometry': PYTHONPATH=/home/eugene/feb-sn3-llc/comm_ws/build/odometry/prefix_override:/home/eugene/feb-sn3-llc/comm_ws/install/odometry/lib/python3.10/site-packages:${PYTHONPATH} /usr/bin/python3 setup.py egg_info --egg-base ../../build/odometry build --build-base /home/eugene/feb-sn3-llc/comm_ws/build/odometry/build install --record /home/eugene/feb-sn3-llc/comm_ws/build/odometry/install.log --single-version-externally-managed
[1.226s] running egg_info
[1.227s] writing ../../build/odometry/odometry.egg-info/PKG-INFO
[1.227s] writing dependency_links to ../../build/odometry/odometry.egg-info/dependency_links.txt
[1.228s] writing entry points to ../../build/odometry/odometry.egg-info/entry_points.txt
[1.228s] writing requirements to ../../build/odometry/odometry.egg-info/requires.txt
[1.229s] writing top-level names to ../../build/odometry/odometry.egg-info/top_level.txt
[1.230s] reading manifest file '../../build/odometry/odometry.egg-info/SOURCES.txt'
[1.231s] writing manifest file '../../build/odometry/odometry.egg-info/SOURCES.txt'
[1.231s] running build
[1.231s] running build_py
[1.231s] copying odometry/publisher.py -> /home/eugene/feb-sn3-llc/comm_ws/build/odometry/build/lib/odometry
[1.235s] running install
[1.236s] running install_lib
[1.236s] creating /home/eugene/feb-sn3-llc/comm_ws/install/odometry/lib/python3.10/site-packages/odometry
[1.237s] copying /home/eugene/feb-sn3-llc/comm_ws/build/odometry/build/lib/odometry/publisher.py -> /home/eugene/feb-sn3-llc/comm_ws/install/odometry/lib/python3.10/site-packages/odometry
[1.237s] copying /home/eugene/feb-sn3-llc/comm_ws/build/odometry/build/lib/odometry/__init__.py -> /home/eugene/feb-sn3-llc/comm_ws/install/odometry/lib/python3.10/site-packages/odometry
[1.240s] byte-compiling /home/eugene/feb-sn3-llc/comm_ws/install/odometry/lib/python3.10/site-packages/odometry/publisher.py to publisher.cpython-310.pyc
[1.241s] byte-compiling /home/eugene/feb-sn3-llc/comm_ws/install/odometry/lib/python3.10/site-packages/odometry/__init__.py to __init__.cpython-310.pyc
[1.241s] running install_data
[1.241s] copying package.xml -> /home/eugene/feb-sn3-llc/comm_ws/install/odometry/share/odometry
[1.242s] running install_egg_info
[1.243s] Copying ../../build/odometry/odometry.egg-info to /home/eugene/feb-sn3-llc/comm_ws/install/odometry/lib/python3.10/site-packages/odometry-0.0.0-py3.10.egg-info
[1.244s] running install_scripts
[1.257s] Installing odometry_node script to /home/eugene/feb-sn3-llc/comm_ws/install/odometry/lib/odometry
[1.258s] writing list of installed files to '/home/eugene/feb-sn3-llc/comm_ws/build/odometry/install.log'
[1.273s] Invoked command in '/home/eugene/feb-sn3-llc/comm_ws/src/odometry' returned '0': PYTHONPATH=/home/eugene/feb-sn3-llc/comm_ws/build/odometry/prefix_override:/home/eugene/feb-sn3-llc/comm_ws/install/odometry/lib/python3.10/site-packages:${PYTHONPATH} /usr/bin/python3 setup.py egg_info --egg-base ../../build/odometry build --build-base /home/eugene/feb-sn3-llc/comm_ws/build/odometry/build install --record /home/eugene/feb-sn3-llc/comm_ws/build/odometry/install.log --single-version-externally-managed
