[0.932s] Invoking command in '/home/eugene/feb-sn3-llc/comm_ws/build/odometry': PYTHONPATH=/home/eugene/feb-sn3-llc/comm_ws/build/odometry/prefix_override:/home/eugene/feb-sn3-llc/comm_ws/install/odometry/lib/python3.10/site-packages:${PYTHONPATH} /usr/bin/python3 setup.py develop --uninstall --editable --build-directory /home/eugene/feb-sn3-llc/comm_ws/build/odometry/build
[1.201s] running develop
[1.314s] Removing /home/eugene/feb-sn3-llc/comm_ws/install/odometry/lib/python3.10/site-packages/odometry.egg-link (link to .)
[1.333s] Invoked command in '/home/eugene/feb-sn3-llc/comm_ws/build/odometry' returned '0': PYTHONPATH=/home/eugene/feb-sn3-llc/comm_ws/build/odometry/prefix_override:/home/eugene/feb-sn3-llc/comm_ws/install/odometry/lib/python3.10/site-packages:${PYTHONPATH} /usr/bin/python3 setup.py develop --uninstall --editable --build-directory /home/eugene/feb-sn3-llc/comm_ws/build/odometry/build
[1.334s] Invoking command in '/home/eugene/feb-sn3-llc/comm_ws/src/odometry': PYTHONPATH=/home/eugene/feb-sn3-llc/comm_ws/build/odometry/prefix_override:/home/eugene/feb-sn3-llc/comm_ws/install/odometry/lib/python3.10/site-packages:${PYTHONPATH} /usr/bin/python3 setup.py egg_info --egg-base ../../build/odometry build --build-base /home/eugene/feb-sn3-llc/comm_ws/build/odometry/build install --record /home/eugene/feb-sn3-llc/comm_ws/build/odometry/install.log --single-version-externally-managed
[1.532s] running egg_info
[1.532s] writing ../../build/odometry/odometry.egg-info/PKG-INFO
[1.532s] writing dependency_links to ../../build/odometry/odometry.egg-info/dependency_links.txt
[1.533s] writing entry points to ../../build/odometry/odometry.egg-info/entry_points.txt
[1.533s] writing requirements to ../../build/odometry/odometry.egg-info/requires.txt
[1.533s] writing top-level names to ../../build/odometry/odometry.egg-info/top_level.txt
[1.535s] reading manifest file '../../build/odometry/odometry.egg-info/SOURCES.txt'
[1.536s] writing manifest file '../../build/odometry/odometry.egg-info/SOURCES.txt'
[1.536s] running build
[1.536s] running build_py
[1.536s] copying odometry/throttle_control.py -> /home/eugene/feb-sn3-llc/comm_ws/build/odometry/build/lib/odometry
[1.536s] copying odometry/controller/PID.py -> /home/eugene/feb-sn3-llc/comm_ws/build/odometry/build/lib/odometry/controller
[1.537s] running install
[1.537s] running install_lib
[1.537s] creating /home/eugene/feb-sn3-llc/comm_ws/install/odometry/lib/python3.10/site-packages/odometry
[1.537s] creating /home/eugene/feb-sn3-llc/comm_ws/install/odometry/lib/python3.10/site-packages/odometry/controller
[1.538s] copying /home/eugene/feb-sn3-llc/comm_ws/build/odometry/build/lib/odometry/controller/PID.py -> /home/eugene/feb-sn3-llc/comm_ws/install/odometry/lib/python3.10/site-packages/odometry/controller
[1.538s] copying /home/eugene/feb-sn3-llc/comm_ws/build/odometry/build/lib/odometry/controller/__init__.py -> /home/eugene/feb-sn3-llc/comm_ws/install/odometry/lib/python3.10/site-packages/odometry/controller
[1.538s] copying /home/eugene/feb-sn3-llc/comm_ws/build/odometry/build/lib/odometry/throttle_control.py -> /home/eugene/feb-sn3-llc/comm_ws/install/odometry/lib/python3.10/site-packages/odometry
[1.538s] copying /home/eugene/feb-sn3-llc/comm_ws/build/odometry/build/lib/odometry/publisher.py -> /home/eugene/feb-sn3-llc/comm_ws/install/odometry/lib/python3.10/site-packages/odometry
[1.538s] copying /home/eugene/feb-sn3-llc/comm_ws/build/odometry/build/lib/odometry/__init__.py -> /home/eugene/feb-sn3-llc/comm_ws/install/odometry/lib/python3.10/site-packages/odometry
[1.539s] byte-compiling /home/eugene/feb-sn3-llc/comm_ws/install/odometry/lib/python3.10/site-packages/odometry/controller/PID.py to PID.cpython-310.pyc
[1.539s] byte-compiling /home/eugene/feb-sn3-llc/comm_ws/install/odometry/lib/python3.10/site-packages/odometry/controller/__init__.py to __init__.cpython-310.pyc
[1.539s] byte-compiling /home/eugene/feb-sn3-llc/comm_ws/install/odometry/lib/python3.10/site-packages/odometry/throttle_control.py to throttle_control.cpython-310.pyc
[1.541s] byte-compiling /home/eugene/feb-sn3-llc/comm_ws/install/odometry/lib/python3.10/site-packages/odometry/publisher.py to publisher.cpython-310.pyc
[1.541s] byte-compiling /home/eugene/feb-sn3-llc/comm_ws/install/odometry/lib/python3.10/site-packages/odometry/__init__.py to __init__.cpython-310.pyc
[1.542s] running install_data
[1.542s] running install_egg_info
[1.544s] Copying ../../build/odometry/odometry.egg-info to /home/eugene/feb-sn3-llc/comm_ws/install/odometry/lib/python3.10/site-packages/odometry-0.0.0-py3.10.egg-info
[1.553s] running install_scripts
[1.561s] Installing odometry_node script to /home/eugene/feb-sn3-llc/comm_ws/install/odometry/lib/odometry
[1.562s] Installing throttle_control script to /home/eugene/feb-sn3-llc/comm_ws/install/odometry/lib/odometry
[1.562s] writing list of installed files to '/home/eugene/feb-sn3-llc/comm_ws/build/odometry/install.log'
[1.586s] Invoked command in '/home/eugene/feb-sn3-llc/comm_ws/src/odometry' returned '0': PYTHONPATH=/home/eugene/feb-sn3-llc/comm_ws/build/odometry/prefix_override:/home/eugene/feb-sn3-llc/comm_ws/install/odometry/lib/python3.10/site-packages:${PYTHONPATH} /usr/bin/python3 setup.py egg_info --egg-base ../../build/odometry build --build-base /home/eugene/feb-sn3-llc/comm_ws/build/odometry/build install --record /home/eugene/feb-sn3-llc/comm_ws/build/odometry/install.log --single-version-externally-managed
