[0.902s] Invoking command in '/home/eugene/feb-sn3-llc/comm_ws/build/odometry': PYTHONPATH=/home/eugene/feb-sn3-llc/comm_ws/build/odometry/prefix_override:/home/eugene/feb-sn3-llc/comm_ws/install/odometry/lib/python3.10/site-packages:${PYTHONPATH} /usr/bin/python3 setup.py develop --uninstall --editable --build-directory /home/eugene/feb-sn3-llc/comm_ws/build/odometry/build
[1.094s] running develop
[1.181s] Removing /home/eugene/feb-sn3-llc/comm_ws/install/odometry/lib/python3.10/site-packages/odometry.egg-link (link to .)
[1.197s] Invoked command in '/home/eugene/feb-sn3-llc/comm_ws/build/odometry' returned '0': PYTHONPATH=/home/eugene/feb-sn3-llc/comm_ws/build/odometry/prefix_override:/home/eugene/feb-sn3-llc/comm_ws/install/odometry/lib/python3.10/site-packages:${PYTHONPATH} /usr/bin/python3 setup.py develop --uninstall --editable --build-directory /home/eugene/feb-sn3-llc/comm_ws/build/odometry/build
[1.199s] Invoking command in '/home/eugene/feb-sn3-llc/comm_ws/src/odometry': PYTHONPATH=/home/eugene/feb-sn3-llc/comm_ws/build/odometry/prefix_override:/home/eugene/feb-sn3-llc/comm_ws/install/odometry/lib/python3.10/site-packages:${PYTHONPATH} /usr/bin/python3 setup.py egg_info --egg-base ../../build/odometry build --build-base /home/eugene/feb-sn3-llc/comm_ws/build/odometry/build install --record /home/eugene/feb-sn3-llc/comm_ws/build/odometry/install.log --single-version-externally-managed
[1.362s] running egg_info
[1.363s] writing ../../build/odometry/odometry.egg-info/PKG-INFO
[1.364s] writing dependency_links to ../../build/odometry/odometry.egg-info/dependency_links.txt
[1.364s] writing entry points to ../../build/odometry/odometry.egg-info/entry_points.txt
[1.364s] writing requirements to ../../build/odometry/odometry.egg-info/requires.txt
[1.365s] writing top-level names to ../../build/odometry/odometry.egg-info/top_level.txt
[1.366s] reading manifest file '../../build/odometry/odometry.egg-info/SOURCES.txt'
[1.367s] writing manifest file '../../build/odometry/odometry.egg-info/SOURCES.txt'
[1.367s] running build
[1.367s] running build_py
[1.368s] copying odometry/throttle_control.py -> /home/eugene/feb-sn3-llc/comm_ws/build/odometry/build/lib/odometry
[1.369s] copying odometry/publisher.py -> /home/eugene/feb-sn3-llc/comm_ws/build/odometry/build/lib/odometry
[1.369s] creating /home/eugene/feb-sn3-llc/comm_ws/build/odometry/build/lib/odometry/controller
[1.369s] copying odometry/controller/PID.py -> /home/eugene/feb-sn3-llc/comm_ws/build/odometry/build/lib/odometry/controller
[1.370s] copying odometry/controller/__init__.py -> /home/eugene/feb-sn3-llc/comm_ws/build/odometry/build/lib/odometry/controller
[1.370s] running install
[1.370s] running install_lib
[1.371s] creating /home/eugene/feb-sn3-llc/comm_ws/install/odometry/lib/python3.10/site-packages/odometry
[1.371s] creating /home/eugene/feb-sn3-llc/comm_ws/install/odometry/lib/python3.10/site-packages/odometry/controller
[1.372s] copying /home/eugene/feb-sn3-llc/comm_ws/build/odometry/build/lib/odometry/controller/PID.py -> /home/eugene/feb-sn3-llc/comm_ws/install/odometry/lib/python3.10/site-packages/odometry/controller
[1.372s] copying /home/eugene/feb-sn3-llc/comm_ws/build/odometry/build/lib/odometry/controller/__init__.py -> /home/eugene/feb-sn3-llc/comm_ws/install/odometry/lib/python3.10/site-packages/odometry/controller
[1.372s] copying /home/eugene/feb-sn3-llc/comm_ws/build/odometry/build/lib/odometry/throttle_control.py -> /home/eugene/feb-sn3-llc/comm_ws/install/odometry/lib/python3.10/site-packages/odometry
[1.373s] copying /home/eugene/feb-sn3-llc/comm_ws/build/odometry/build/lib/odometry/publisher.py -> /home/eugene/feb-sn3-llc/comm_ws/install/odometry/lib/python3.10/site-packages/odometry
[1.373s] copying /home/eugene/feb-sn3-llc/comm_ws/build/odometry/build/lib/odometry/__init__.py -> /home/eugene/feb-sn3-llc/comm_ws/install/odometry/lib/python3.10/site-packages/odometry
[1.374s] byte-compiling /home/eugene/feb-sn3-llc/comm_ws/install/odometry/lib/python3.10/site-packages/odometry/controller/PID.py to PID.cpython-310.pyc
[1.375s] byte-compiling /home/eugene/feb-sn3-llc/comm_ws/install/odometry/lib/python3.10/site-packages/odometry/controller/__init__.py to __init__.cpython-310.pyc
[1.375s] byte-compiling /home/eugene/feb-sn3-llc/comm_ws/install/odometry/lib/python3.10/site-packages/odometry/throttle_control.py to throttle_control.cpython-310.pyc
[1.376s] byte-compiling /home/eugene/feb-sn3-llc/comm_ws/install/odometry/lib/python3.10/site-packages/odometry/publisher.py to publisher.cpython-310.pyc
[1.377s] byte-compiling /home/eugene/feb-sn3-llc/comm_ws/install/odometry/lib/python3.10/site-packages/odometry/__init__.py to __init__.cpython-310.pyc
[1.377s] running install_data
[1.378s] copying package.xml -> /home/eugene/feb-sn3-llc/comm_ws/install/odometry/share/odometry
[1.378s] running install_egg_info
[1.379s] Copying ../../build/odometry/odometry.egg-info to /home/eugene/feb-sn3-llc/comm_ws/install/odometry/lib/python3.10/site-packages/odometry-0.0.0-py3.10.egg-info
[1.381s] running install_scripts
[1.392s] Installing odometry_node script to /home/eugene/feb-sn3-llc/comm_ws/install/odometry/lib/odometry
[1.392s] Installing throttle_control script to /home/eugene/feb-sn3-llc/comm_ws/install/odometry/lib/odometry
[1.393s] writing list of installed files to '/home/eugene/feb-sn3-llc/comm_ws/build/odometry/install.log'
[1.406s] Invoked command in '/home/eugene/feb-sn3-llc/comm_ws/src/odometry' returned '0': PYTHONPATH=/home/eugene/feb-sn3-llc/comm_ws/build/odometry/prefix_override:/home/eugene/feb-sn3-llc/comm_ws/install/odometry/lib/python3.10/site-packages:${PYTHONPATH} /usr/bin/python3 setup.py egg_info --egg-base ../../build/odometry build --build-base /home/eugene/feb-sn3-llc/comm_ws/build/odometry/build install --record /home/eugene/feb-sn3-llc/comm_ws/build/odometry/install.log --single-version-externally-managed
