/home/eugene/feb-sn3-llc/comm_ws/install/odometry/lib/python3.10/site-packages/odometry/throttle_control.py
/home/eugene/feb-sn3-llc/comm_ws/install/odometry/lib/python3.10/site-packages/odometry/publisher.py
/home/eugene/feb-sn3-llc/comm_ws/install/odometry/lib/python3.10/site-packages/odometry/__init__.py
/home/eugene/feb-sn3-llc/comm_ws/install/odometry/lib/python3.10/site-packages/odometry/controller/PID.py
/home/eugene/feb-sn3-llc/comm_ws/install/odometry/lib/python3.10/site-packages/odometry/controller/__init__.py
/home/eugene/feb-sn3-llc/comm_ws/install/odometry/lib/python3.10/site-packages/odometry/__pycache__/throttle_control.cpython-310.pyc
/home/eugene/feb-sn3-llc/comm_ws/install/odometry/lib/python3.10/site-packages/odometry/__pycache__/publisher.cpython-310.pyc
/home/eugene/feb-sn3-llc/comm_ws/install/odometry/lib/python3.10/site-packages/odometry/__pycache__/__init__.cpython-310.pyc
/home/eugene/feb-sn3-llc/comm_ws/install/odometry/lib/python3.10/site-packages/odometry/controller/__pycache__/PID.cpython-310.pyc
/home/eugene/feb-sn3-llc/comm_ws/install/odometry/lib/python3.10/site-packages/odometry/controller/__pycache__/__init__.cpython-310.pyc
/home/eugene/feb-sn3-llc/comm_ws/install/odometry/share/ament_index/resource_index/packages/odometry
/home/eugene/feb-sn3-llc/comm_ws/install/odometry/share/odometry/package.xml
/home/eugene/feb-sn3-llc/comm_ws/install/odometry/lib/python3.10/site-packages/odometry-0.0.0-py3.10.egg-info/dependency_links.txt
/home/eugene/feb-sn3-llc/comm_ws/install/odometry/lib/python3.10/site-packages/odometry-0.0.0-py3.10.egg-info/requires.txt
/home/eugene/feb-sn3-llc/comm_ws/install/odometry/lib/python3.10/site-packages/odometry-0.0.0-py3.10.egg-info/zip-safe
/home/eugene/feb-sn3-llc/comm_ws/install/odometry/lib/python3.10/site-packages/odometry-0.0.0-py3.10.egg-info/PKG-INFO
/home/eugene/feb-sn3-llc/comm_ws/install/odometry/lib/python3.10/site-packages/odometry-0.0.0-py3.10.egg-info/entry_points.txt
/home/eugene/feb-sn3-llc/comm_ws/install/odometry/lib/python3.10/site-packages/odometry-0.0.0-py3.10.egg-info/SOURCES.txt
/home/eugene/feb-sn3-llc/comm_ws/install/odometry/lib/python3.10/site-packages/odometry-0.0.0-py3.10.egg-info/top_level.txt
/home/eugene/feb-sn3-llc/comm_ws/install/odometry/lib/odometry/odometry_node
/home/eugene/feb-sn3-llc/comm_ws/install/odometry/lib/odometry/throttle_control
