[0.776s] Invoking command in '/home/eugene/feb-sn3-llc/comm_ws/src/odometry': PYTHONPATH=/home/eugene/feb-sn3-llc/comm_ws/build/odometry/prefix_override:/home/eugene/feb-sn3-llc/comm_ws/install/odometry/lib/python3.10/site-packages:${PYTHONPATH} /usr/bin/python3 setup.py egg_info --egg-base ../../build/odometry build --build-base /home/eugene/feb-sn3-llc/comm_ws/build/odometry/build install --record /home/eugene/feb-sn3-llc/comm_ws/build/odometry/install.log --single-version-externally-managed
[0.961s] running egg_info
[0.962s] writing ../../build/odometry/odometry.egg-info/PKG-INFO
[0.962s] writing dependency_links to ../../build/odometry/odometry.egg-info/dependency_links.txt
[0.963s] writing entry points to ../../build/odometry/odometry.egg-info/entry_points.txt
[0.963s] writing requirements to ../../build/odometry/odometry.egg-info/requires.txt
[0.963s] writing top-level names to ../../build/odometry/odometry.egg-info/top_level.txt
[0.964s] reading manifest file '../../build/odometry/odometry.egg-info/SOURCES.txt'
[0.964s] writing manifest file '../../build/odometry/odometry.egg-info/SOURCES.txt'
[0.964s] running build
[0.964s] running build_py
[0.965s] running install
[0.965s] running install_lib
[0.965s] running install_data
[0.966s] running install_egg_info
[0.967s] removing '/home/eugene/feb-sn3-llc/comm_ws/install/odometry/lib/python3.10/site-packages/odometry-0.0.0-py3.10.egg-info' (and everything under it)
[0.967s] Copying ../../build/odometry/odometry.egg-info to /home/eugene/feb-sn3-llc/comm_ws/install/odometry/lib/python3.10/site-packages/odometry-0.0.0-py3.10.egg-info
[0.968s] running install_scripts
[0.980s] Installing odometry_node script to /home/eugene/feb-sn3-llc/comm_ws/install/odometry/lib/odometry
[0.981s] writing list of installed files to '/home/eugene/feb-sn3-llc/comm_ws/build/odometry/install.log'
[0.995s] Invoked command in '/home/eugene/feb-sn3-llc/comm_ws/src/odometry' returned '0': PYTHONPATH=/home/eugene/feb-sn3-llc/comm_ws/build/odometry/prefix_override:/home/eugene/feb-sn3-llc/comm_ws/install/odometry/lib/python3.10/site-packages:${PYTHONPATH} /usr/bin/python3 setup.py egg_info --egg-base ../../build/odometry build --build-base /home/eugene/feb-sn3-llc/comm_ws/build/odometry/build install --record /home/eugene/feb-sn3-llc/comm_ws/build/odometry/install.log --single-version-externally-managed
